2017-10-1 12:34:04 main INFO Starting DictionaryMapperTest on dengjunzhendeMacBook-Pro.local with PID 3163 (started by jadson in /Users/jadson/share/code/spring-boot-mybatis)
2017-10-1 12:34:04 main DEBUG Running with Spring Boot v1.5.7.RELEASE, Spring v4.3.11.RELEASE
2017-10-1 12:34:04 main INFO No active profile set, falling back to default profiles: default
2017-10-1 12:34:09 main INFO Started DictionaryMapperTest in 20.67 seconds (JVM running for 21.981)
2017-10-1 12:34:10 main DEBUG ==>  Preparing: select id, dic_group, dic_name, dic_value, remark, ordering, state, type, parent_id from dictionary where id = ? 
2017-10-1 12:34:10 main DEBUG ==> Parameters: 1(Integer)
2017-10-1 12:34:10 main DEBUG <==      Total: 1
2017-10-1 12:45:06 main INFO Starting DictionaryMapperTest on dengjunzhendeMacBook-Pro.local with PID 3254 (started by jadson in /Users/jadson/share/code/spring-boot-mybatis)
2017-10-1 12:45:06 main DEBUG Running with Spring Boot v1.5.7.RELEASE, Spring v4.3.11.RELEASE
2017-10-1 12:45:06 main INFO No active profile set, falling back to default profiles: default
2017-10-1 12:45:17 main INFO Started DictionaryMapperTest in 27.399 seconds (JVM running for 30.448)
2017-10-1 12:45:19 main DEBUG ==>  Preparing: select id, dic_group, dic_name, dic_value, remark, ordering, state, type, parent_id from dictionary where id = ? 
2017-10-1 12:45:20 main DEBUG ==> Parameters: 1(Integer)
2017-10-1 12:45:20 main DEBUG <==      Total: 1
2017-10-1 12:46:39 main INFO Starting SpringBootMybatisApplicationTests on dengjunzhendeMacBook-Pro.local with PID 3264 (started by jadson in /Users/jadson/share/code/spring-boot-mybatis)
2017-10-1 12:46:39 main DEBUG Running with Spring Boot v1.5.7.RELEASE, Spring v4.3.11.RELEASE
2017-10-1 12:46:39 main INFO No active profile set, falling back to default profiles: default
2017-10-1 12:46:49 main INFO Started SpringBootMybatisApplicationTests in 26.71 seconds (JVM running for 29.736)
2017-10-1 12:46:49 main DEBUG hehehehhhhhhhhhhhhhhhhhh
2017-10-1 12:46:52 main DEBUG ==>  Preparing: select distinct id, dic_group, dic_name, dic_value, remark, ordering, state, type, parent_id from dictionary WHERE ( id = ? ) order by ordering desc limit 0, 10 
2017-10-1 12:46:52 main DEBUG ==> Parameters: 1(Integer)
2017-10-1 12:46:52 main DEBUG <==      Total: 1
2017-10-1 12:46:52 main DEBUG select dictionary by id:1
2017-10-1 12:46:52 main DEBUG ==>  Preparing: select id, dic_group, dic_name, dic_value, remark, ordering, state, type, parent_id from dictionary where id = ? 
2017-10-1 12:46:52 main DEBUG ==> Parameters: 1(Integer)
2017-10-1 12:46:52 main DEBUG <==      Total: 1
